            TRNSYS - the TRaNsient SYstem Simulation program

   The Solar Energy Lab at the University of Wisconsin - Madison, USA
Le Centre Scientifique et Technique du Batiment, Sophia Antipolis, France
           Transsolar Energietechnik GmBH, Stuttgart, Germany
        Thermal Energy System Specialists, LLC, Madison Wisconsin, USA

                           Release 17.01.0016

Simulation log for: "D:\Freelance\TRNSYSlib\ReadInputFiles\ReadInput.dck"
 
*** Notice at time        :         0.000000
    Generated by Unit     : Not applicable or not available
    Generated by Type     : Not applicable or not available
    Message               : The TRNSYS Executable (TRNExe.exe) and main DLL (TRNDll.dll) are located in "D:\apps\Trnsys17\Exe"
 
*** Notice at time        :         0.000000
    Generated by Unit     : Not applicable or not available
    Generated by Type     : Not applicable or not available
    TRNSYS Message     90 : TRNDll.dll is compiled in release mode. External DLLs will be loaded from the .\UserLib\ReleaseDLLs\ directory.
    Reported information  : Not available
 
*** Notice at time        :         0.000000
    Generated by Unit     : Not applicable or not available
    Generated by Type     : Not applicable or not available
    Message               : The following Types were loaded from TRNDll.dll: Type9, Type65, Type21, Type62
 
*** Notice at time        :         0.000000
    Generated by Unit     : Not applicable or not available
    Generated by Type     : Not applicable or not available
    Message               : "FileReader.dll" was found but did not contain any components from the input file.
 
*** Notice at time        :         0.000000
    Generated by Unit     : Not applicable or not available
    Generated by Type     : Not applicable or not available
    Message               : "TESSApplicationsLibrary_v17.1.01_Release.dll" was found but did not contain any components from the input file.
 
*** Notice at time        :         0.000000
    Generated by Unit     : Not applicable or not available
    Generated by Type     : Not applicable or not available
    Message               : "TESSArchiveDLL_v2.04_Release.dll" was found but did not contain any components from the input file.
 
*** Notice at time        :         0.000000
    Generated by Unit     : Not applicable or not available
    Generated by Type     : Not applicable or not available
    Message               : "TESSCogenLibrary_v17.1.01_Release.dll" was found but did not contain any components from the input file.
 
*** Notice at time        :         0.000000
    Generated by Unit     : Not applicable or not available
    Generated by Type     : Not applicable or not available
    Message               : "TESSControllersLibrary_v17.1.01_Release.dll" was found but did not contain any components from the input file.
 
*** Notice at time        :         0.000000
    Generated by Unit     : Not applicable or not available
    Generated by Type     : Not applicable or not available
    Message               : "TESSElectricalLibrary_v17.1.01_Release.dll" was found but did not contain any components from the input file.
 
*** Notice at time        :         0.000000
    Generated by Unit     : Not applicable or not available
    Generated by Type     : Not applicable or not available
    Message               : "TESSGHPLibrary_v17.1.01_Release.dll" was found but did not contain any components from the input file.
 
*** Notice at time        :         0.000000
    Generated by Unit     : Not applicable or not available
    Generated by Type     : Not applicable or not available
    Message               : "TESSGroundCouplingLibrary_v17.1.01_Release.dll" was found but did not contain any components from the input file.
 
*** Notice at time        :         0.000000
    Generated by Unit     : Not applicable or not available
    Generated by Type     : Not applicable or not available
    Message               : "TESSGroundCouplingType1244_v17.1.01_Release.dll" was found but did not contain any components from the input file.
 
*** Notice at time        :         0.000000
    Generated by Unit     : Not applicable or not available
    Generated by Type     : Not applicable or not available
    Message               : "TESSGroundCouplingType1255_v17.1.01_Release.dll" was found but did not contain any components from the input file.
 
*** Notice at time        :         0.000000
    Generated by Unit     : Not applicable or not available
    Generated by Type     : Not applicable or not available
    Message               : "TESSGroundCouplingType1256_v17.1.01_Release.dll" was found but did not contain any components from the input file.
 
*** Notice at time        :         0.000000
    Generated by Unit     : Not applicable or not available
    Generated by Type     : Not applicable or not available
    Message               : "TESSGroundCouplingType957_v17.1.01_Release.dll" was found but did not contain any components from the input file.
 
*** Notice at time        :         0.000000
    Generated by Unit     : Not applicable or not available
    Generated by Type     : Not applicable or not available
    Message               : "TESSGroundCouplingType993_v17.1.01_Release.dll" was found but did not contain any components from the input file.
 
*** Notice at time        :         0.000000
    Generated by Unit     : Not applicable or not available
    Generated by Type     : Not applicable or not available
    Message               : "TESSHVACLibrary_v17.1.01_Release.dll" was found but did not contain any components from the input file.
 
*** Notice at time        :         0.000000
    Generated by Unit     : Not applicable or not available
    Generated by Type     : Not applicable or not available
    Message               : "TESSHydronics_v17.1.01_Release.dll" was found but did not contain any components from the input file.
 
*** Notice at time        :         0.000000
    Generated by Unit     : Not applicable or not available
    Generated by Type     : Not applicable or not available
    Message               : "TESSLoadsStructuresLibrary_v17.1.01_Release.dll" was found but did not contain any components from the input file.
 
*** Notice at time        :         0.000000
    Generated by Unit     : Not applicable or not available
    Generated by Type     : Not applicable or not available
    Message               : "TESSOptimizationLibrary_v17.1.01_Release.dll" was found but did not contain any components from the input file.
 
*** Notice at time        :         0.000000
    Generated by Unit     : Not applicable or not available
    Generated by Type     : Not applicable or not available
    Message               : "TESSSolarLibrary_v17.1.01_Release.dll" was found but did not contain any components from the input file.
 
*** Notice at time        :         0.000000
    Generated by Unit     : Not applicable or not available
    Generated by Type     : Not applicable or not available
    Message               : "TESSStorageLibrary_v17.1.01_Release.dll" was found but did not contain any components from the input file.
 
*** Notice at time        :         0.000000
    Generated by Unit     : Not applicable or not available
    Generated by Type     : Not applicable or not available
    Message               : "TESSUtilityLibrary_v17.1.01_Release.dll" was found but did not contain any components from the input file.
 
*** Notice at time        :         0.000000
    Generated by Unit     : Not applicable or not available
    Generated by Type     : Not applicable or not available
    Message               : "type127.dll" was found but did not contain any components from the input file.
 
*** Notice at time        :         0.000000
    Generated by Unit     : Not applicable or not available
    Generated by Type     : Not applicable or not available
    Message               : "Type157.dll" was found but did not contain any components from the input file.
 
*** Notice at time        :         0.000000
    Generated by Unit     : Not applicable or not available
    Generated by Type     : Not applicable or not available
    Message               : "Type157_demo_release.dll" was found but did not contain any components from the input file.
 
*** Notice at time        :         0.000000
    Generated by Unit     : Not applicable or not available
    Generated by Type     : Not applicable or not available
    Message               : "Type56.dll" was found but did not contain any components from the input file.
 
*** Notice at time        :         0.000000
    Generated by Unit     : Not applicable or not available
    Generated by Type     : Not applicable or not available
    Message               : "Type76Lib.dll" was found but did not contain any components from the input file.
 
*** Notice at time        :         0.000000
    Generated by Unit     : Not applicable or not available
    Generated by Type     : Not applicable or not available
    Message               : "type79-W.dll" was found but did not contain any components from the input file.
 
*** Notice at time        :         0.000000
    Generated by Unit     : Not applicable or not available
    Generated by Type     : Not applicable or not available
    Message               : "Type79Lib.dll" was found but did not contain any components from the input file.
 
*** Notice at time        :         0.000000
    Generated by Unit     : Not applicable or not available
    Generated by Type     : Not applicable or not available
    Message               : "Type82Lib.dll" was found but did not contain any components from the input file.
 
*** Notice at time        :         0.000000
    Generated by Unit     : Not applicable or not available
    Generated by Type     : Not applicable or not available
    TRNSYS Message    199 : TRNSYS found at least one user DLL in the UserLib directory. (Note: Only DLL's including Types that are used in the simulation are loaded)
    Reported information  : 0 user DLLs were loaded after searching in "D:\apps\Trnsys17\UserLib\ReleaseDLLs"
 
*** Notice at time        :         1.000000
    Generated by Unit     :     2
    Generated by Type     :     9
    Message               : The specified component model has exhausted the data supply and has rewound the data file to begin reading from the top of the data file.
 
*** Notice at time        :         1.000000
    Generated by Unit     :     4
    Generated by Type     :     9
    Message               : The specified component model has exhausted the data supply and has rewound the data file to begin reading from the top of the data file.
 
*** Notice at time        :         2.000000
    Generated by Unit     :     2
    Generated by Type     :     9
    Message               : The specified component model has exhausted the data supply and has rewound the data file to begin reading from the top of the data file.
 
*** Notice at time        :         2.000000
    Generated by Unit     :     4
    Generated by Type     :     9
    Message               : The specified component model has exhausted the data supply and has rewound the data file to begin reading from the top of the data file.
 
*** Notice at time        :         3.000000
    Generated by Unit     :     2
    Generated by Type     :     9
    Message               : The specified component model has exhausted the data supply and has rewound the data file to begin reading from the top of the data file.
 
*** Notice at time        :         3.000000
    Generated by Unit     :     4
    Generated by Type     :     9
    Message               : The specified component model has exhausted the data supply and has rewound the data file to begin reading from the top of the data file.
 
*** Notice at time        :         4.000000
    Generated by Unit     :     2
    Generated by Type     :     9
    Message               : The specified component model has exhausted the data supply and has rewound the data file to begin reading from the top of the data file.
 
*** Notice at time        :         4.000000
    Generated by Unit     :     4
    Generated by Type     :     9
    Message               : The specified component model has exhausted the data supply and has rewound the data file to begin reading from the top of the data file.
 
*** Notice at time        :         5.000000
    Generated by Unit     :     2
    Generated by Type     :     9
    Message               : The specified component model has exhausted the data supply and has rewound the data file to begin reading from the top of the data file.
 
*** Notice at time        :         5.000000
    Generated by Unit     :     4
    Generated by Type     :     9
    Message               : The specified component model has exhausted the data supply and has rewound the data file to begin reading from the top of the data file.
 
*** Notice at time        :         6.000000
    Generated by Unit     :     2
    Generated by Type     :     9
    Message               : The specified component model has exhausted the data supply and has rewound the data file to begin reading from the top of the data file.
 
*** Notice at time        :         6.000000
    Generated by Unit     :     4
    Generated by Type     :     9
    Message               : The specified component model has exhausted the data supply and has rewound the data file to begin reading from the top of the data file.
 
*** Notice at time        :         7.000000
    Generated by Unit     :     2
    Generated by Type     :     9
    Message               : The specified component model has exhausted the data supply and has rewound the data file to begin reading from the top of the data file.
 
*** Notice at time        :         7.000000
    Generated by Unit     :     4
    Generated by Type     :     9
    Message               : The specified component model has exhausted the data supply and has rewound the data file to begin reading from the top of the data file.
 
*** Notice at time        :         8.000000
    Generated by Unit     :     2
    Generated by Type     :     9
    Message               : The specified component model has exhausted the data supply and has rewound the data file to begin reading from the top of the data file.
 
*** Notice at time        :         8.000000
    Generated by Unit     :     4
    Generated by Type     :     9
    Message               : The specified component model has exhausted the data supply and has rewound the data file to begin reading from the top of the data file.
 
*** Notice at time        :         9.000000
    Generated by Unit     :     2
    Generated by Type     :     9
    Message               : The specified component model has exhausted the data supply and has rewound the data file to begin reading from the top of the data file.
 
*** Notice at time        :         9.000000
    Generated by Unit     :     4
    Generated by Type     :     9
    Message               : The specified component model has exhausted the data supply and has rewound the data file to begin reading from the top of the data file.
 
*** Notice at time        :        10.000000
    Generated by Unit     :     2
    Generated by Type     :     9
    Message               : The specified component model has exhausted the data supply and has rewound the data file to begin reading from the top of the data file.
 
*** Notice at time        :        10.000000
    Generated by Unit     :     4
    Generated by Type     :     9
    Message               : The specified component model has exhausted the data supply and has rewound the data file to begin reading from the top of the data file.
 
*** Notice at time        :        11.000000
    Generated by Unit     :     2
    Generated by Type     :     9
    Message               : The specified component model has exhausted the data supply and has rewound the data file to begin reading from the top of the data file.
 
*** Notice at time        :        11.000000
    Generated by Unit     :     4
    Generated by Type     :     9
    Message               : The specified component model has exhausted the data supply and has rewound the data file to begin reading from the top of the data file.
 
*** Notice at time        :        12.000000
    Generated by Unit     :     2
    Generated by Type     :     9
    Message               : The specified component model has exhausted the data supply and has rewound the data file to begin reading from the top of the data file.
 
*** Notice at time        :        12.000000
    Generated by Unit     :     4
    Generated by Type     :     9
    Message               : The specified component model has exhausted the data supply and has rewound the data file to begin reading from the top of the data file.
 
*** Notice at time        :        13.000000
    Generated by Unit     :     2
    Generated by Type     :     9
    Message               : The specified component model has exhausted the data supply and has rewound the data file to begin reading from the top of the data file.
 
*** Notice at time        :        13.000000
    Generated by Unit     :     4
    Generated by Type     :     9
    Message               : The specified component model has exhausted the data supply and has rewound the data file to begin reading from the top of the data file.
 
*** Notice at time        :        14.000000
    Generated by Unit     :     2
    Generated by Type     :     9
    Message               : The specified component model has exhausted the data supply and has rewound the data file to begin reading from the top of the data file.
 
*** Notice at time        :        14.000000
    Generated by Unit     :     4
    Generated by Type     :     9
    Message               : The specified component model has exhausted the data supply and has rewound the data file to begin reading from the top of the data file.
 
*** Notice at time        :        15.000000
    Generated by Unit     :     2
    Generated by Type     :     9
    Message               : The specified component model has exhausted the data supply and has rewound the data file to begin reading from the top of the data file.
 
*** Notice at time        :        15.000000
    Generated by Unit     :     4
    Generated by Type     :     9
    Message               : The specified component model has exhausted the data supply and has rewound the data file to begin reading from the top of the data file.
 
*** Notice at time        :        16.000000
    Generated by Unit     :     2
    Generated by Type     :     9
    Message               : The specified component model has exhausted the data supply and has rewound the data file to begin reading from the top of the data file.
 
*** Notice at time        :        16.000000
    Generated by Unit     :     4
    Generated by Type     :     9
    Message               : The specified component model has exhausted the data supply and has rewound the data file to begin reading from the top of the data file.
 
*** Notice at time        :        17.000000
    Generated by Unit     :     2
    Generated by Type     :     9
    Message               : The specified component model has exhausted the data supply and has rewound the data file to begin reading from the top of the data file.
 
*** Notice at time        :        17.000000
    Generated by Unit     :     4
    Generated by Type     :     9
    Message               : The specified component model has exhausted the data supply and has rewound the data file to begin reading from the top of the data file.
 
*** Notice at time        :        18.000000
    Generated by Unit     :     2
    Generated by Type     :     9
    Message               : The specified component model has exhausted the data supply and has rewound the data file to begin reading from the top of the data file.
 
*** Notice at time        :        18.000000
    Generated by Unit     :     4
    Generated by Type     :     9
    Message               : The specified component model has exhausted the data supply and has rewound the data file to begin reading from the top of the data file.
 
*** Notice at time        :        19.000000
    Generated by Unit     :     2
    Generated by Type     :     9
    Message               : The specified component model has exhausted the data supply and has rewound the data file to begin reading from the top of the data file.
 
*** Notice at time        :        19.000000
    Generated by Unit     :     4
    Generated by Type     :     9
    Message               : The specified component model has exhausted the data supply and has rewound the data file to begin reading from the top of the data file.
 
*** Notice at time        :        20.000000
    Generated by Unit     :     2
    Generated by Type     :     9
    Message               : The specified component model has exhausted the data supply and has rewound the data file to begin reading from the top of the data file.
 
*** Notice at time        :        20.000000
    Generated by Unit     :     4
    Generated by Type     :     9
    Message               : The specified component model has exhausted the data supply and has rewound the data file to begin reading from the top of the data file.
 
*** Notice at time        :        21.000000
    Generated by Unit     :     2
    Generated by Type     :     9
    Message               : The specified component model has exhausted the data supply and has rewound the data file to begin reading from the top of the data file.
 
*** Notice at time        :        21.000000
    Generated by Unit     :     4
    Generated by Type     :     9
    Message               : The specified component model has exhausted the data supply and has rewound the data file to begin reading from the top of the data file.
 
*** Notice at time        :        22.000000
    Generated by Unit     :     2
    Generated by Type     :     9
    Message               : The specified component model has exhausted the data supply and has rewound the data file to begin reading from the top of the data file.
 
*** Notice at time        :        22.000000
    Generated by Unit     :     4
    Generated by Type     :     9
    Message               : The specified component model has exhausted the data supply and has rewound the data file to begin reading from the top of the data file.
 
*** Notice at time        :        23.000000
    Generated by Unit     :     2
    Generated by Type     :     9
    Message               : The specified component model has exhausted the data supply and has rewound the data file to begin reading from the top of the data file.
 
*** Notice at time        :        23.000000
    Generated by Unit     :     4
    Generated by Type     :     9
    Message               : The specified component model has exhausted the data supply and has rewound the data file to begin reading from the top of the data file.
 
*** Notice at time        :        24.000000
    Generated by Unit     :     2
    Generated by Type     :     9
    Message               : The specified component model has exhausted the data supply and has rewound the data file to begin reading from the top of the data file.
 
*** Notice at time        :        24.000000
    Generated by Unit     :     4
    Generated by Type     :     9
    Message               : The specified component model has exhausted the data supply and has rewound the data file to begin reading from the top of the data file.
 
*** Notice at time        :        24.000000
    Generated by Unit     :     6
    Generated by Type     :     9
    Message               : The specified component model has exhausted the data supply and has rewound the data file to begin reading from the top of the data file.
 
*** Notice at time        :        25.000000
    Generated by Unit     :     2
    Generated by Type     :     9
    Message               : The specified component model has exhausted the data supply and has rewound the data file to begin reading from the top of the data file.
 
*** Notice at time        :        25.000000
    Generated by Unit     :     4
    Generated by Type     :     9
    Message               : The specified component model has exhausted the data supply and has rewound the data file to begin reading from the top of the data file.
 
*** Notice at time        :        26.000000
    Generated by Unit     :     2
    Generated by Type     :     9
    Message               : The specified component model has exhausted the data supply and has rewound the data file to begin reading from the top of the data file.
 
*** Notice at time        :        26.000000
    Generated by Unit     :     4
    Generated by Type     :     9
    Message               : The specified component model has exhausted the data supply and has rewound the data file to begin reading from the top of the data file.
 
*** Notice at time        :        27.000000
    Generated by Unit     :     2
    Generated by Type     :     9
    Message               : The specified component model has exhausted the data supply and has rewound the data file to begin reading from the top of the data file.
 
*** Notice at time        :        27.000000
    Generated by Unit     :     4
    Generated by Type     :     9
    Message               : The specified component model has exhausted the data supply and has rewound the data file to begin reading from the top of the data file.
 
*** Notice at time        :        28.000000
    Generated by Unit     :     2
    Generated by Type     :     9
    Message               : The specified component model has exhausted the data supply and has rewound the data file to begin reading from the top of the data file.
 
*** Notice at time        :        28.000000
    Generated by Unit     :     4
    Generated by Type     :     9
    Message               : The specified component model has exhausted the data supply and has rewound the data file to begin reading from the top of the data file.
 
*** Notice at time        :        29.000000
    Generated by Unit     :     2
    Generated by Type     :     9
    Message               : The specified component model has exhausted the data supply and has rewound the data file to begin reading from the top of the data file.
 
*** Notice at time        :        29.000000
    Generated by Unit     :     4
    Generated by Type     :     9
    Message               : The specified component model has exhausted the data supply and has rewound the data file to begin reading from the top of the data file.
 
*** Notice at time        :        30.000000
    Generated by Unit     :     2
    Generated by Type     :     9
    Message               : The specified component model has exhausted the data supply and has rewound the data file to begin reading from the top of the data file.
 
*** Notice at time        :        30.000000
    Generated by Unit     :     4
    Generated by Type     :     9
    Message               : The specified component model has exhausted the data supply and has rewound the data file to begin reading from the top of the data file.
 
*** Notice at time        :        31.000000
    Generated by Unit     :     2
    Generated by Type     :     9
    Message               : The specified component model has exhausted the data supply and has rewound the data file to begin reading from the top of the data file.
 
*** Notice at time        :        31.000000
    Generated by Unit     :     4
    Generated by Type     :     9
    Message               : The specified component model has exhausted the data supply and has rewound the data file to begin reading from the top of the data file.
 
*** Notice at time        :        32.000000
    Generated by Unit     :     2
    Generated by Type     :     9
    Message               : The specified component model has exhausted the data supply and has rewound the data file to begin reading from the top of the data file.
 
*** Notice at time        :        32.000000
    Generated by Unit     :     4
    Generated by Type     :     9
    Message               : The specified component model has exhausted the data supply and has rewound the data file to begin reading from the top of the data file.
 
*** Notice at time        :        33.000000
    Generated by Unit     :     2
    Generated by Type     :     9
    Message               : The specified component model has exhausted the data supply and has rewound the data file to begin reading from the top of the data file.
 
*** Notice at time        :        33.000000
    Generated by Unit     :     4
    Generated by Type     :     9
    Message               : The specified component model has exhausted the data supply and has rewound the data file to begin reading from the top of the data file.
 
*** Notice at time        :        34.000000
    Generated by Unit     :     2
    Generated by Type     :     9
    Message               : The specified component model has exhausted the data supply and has rewound the data file to begin reading from the top of the data file.
 
*** Notice at time        :        34.000000
    Generated by Unit     :     4
    Generated by Type     :     9
    Message               : The specified component model has exhausted the data supply and has rewound the data file to begin reading from the top of the data file.
 
*** Notice at time        :        35.000000
    Generated by Unit     :     2
    Generated by Type     :     9
    Message               : The specified component model has exhausted the data supply and has rewound the data file to begin reading from the top of the data file.
 
*** Notice at time        :        35.000000
    Generated by Unit     :     4
    Generated by Type     :     9
    Message               : The specified component model has exhausted the data supply and has rewound the data file to begin reading from the top of the data file.
 
*** Notice at time        :        36.000000
    Generated by Unit     :     2
    Generated by Type     :     9
    Message               : The specified component model has exhausted the data supply and has rewound the data file to begin reading from the top of the data file.
 
*** Notice at time        :        36.000000
    Generated by Unit     :     4
    Generated by Type     :     9
    Message               : The specified component model has exhausted the data supply and has rewound the data file to begin reading from the top of the data file.
 
*** Notice at time        :        37.000000
    Generated by Unit     :     2
    Generated by Type     :     9
    Message               : The specified component model has exhausted the data supply and has rewound the data file to begin reading from the top of the data file.
 
*** Notice at time        :        37.000000
    Generated by Unit     :     4
    Generated by Type     :     9
    Message               : The specified component model has exhausted the data supply and has rewound the data file to begin reading from the top of the data file.
 
*** Notice at time        :        38.000000
    Generated by Unit     :     2
    Generated by Type     :     9
    Message               : The specified component model has exhausted the data supply and has rewound the data file to begin reading from the top of the data file.
 
*** Notice at time        :        38.000000
    Generated by Unit     :     4
    Generated by Type     :     9
    Message               : The specified component model has exhausted the data supply and has rewound the data file to begin reading from the top of the data file.
 
*** Notice at time        :        39.000000
    Generated by Unit     :     2
    Generated by Type     :     9
    Message               : The specified component model has exhausted the data supply and has rewound the data file to begin reading from the top of the data file.
 
*** Notice at time        :        39.000000
    Generated by Unit     :     4
    Generated by Type     :     9
    Message               : The specified component model has exhausted the data supply and has rewound the data file to begin reading from the top of the data file.
 
*** Notice at time        :        40.000000
    Generated by Unit     :     2
    Generated by Type     :     9
    Message               : The specified component model has exhausted the data supply and has rewound the data file to begin reading from the top of the data file.
 
*** Notice at time        :        40.000000
    Generated by Unit     :     4
    Generated by Type     :     9
    Message               : The specified component model has exhausted the data supply and has rewound the data file to begin reading from the top of the data file.
 
*** Notice at time        :        41.000000
    Generated by Unit     :     2
    Generated by Type     :     9
    Message               : The specified component model has exhausted the data supply and has rewound the data file to begin reading from the top of the data file.
 
*** Notice at time        :        41.000000
    Generated by Unit     :     4
    Generated by Type     :     9
    Message               : The specified component model has exhausted the data supply and has rewound the data file to begin reading from the top of the data file.
 
*** Notice at time        :        42.000000
    Generated by Unit     :     2
    Generated by Type     :     9
    Message               : The specified component model has exhausted the data supply and has rewound the data file to begin reading from the top of the data file.
 
*** Notice at time        :        42.000000
    Generated by Unit     :     4
    Generated by Type     :     9
    Message               : The specified component model has exhausted the data supply and has rewound the data file to begin reading from the top of the data file.
 
*** Notice at time        :        43.000000
    Generated by Unit     :     2
    Generated by Type     :     9
    Message               : The specified component model has exhausted the data supply and has rewound the data file to begin reading from the top of the data file.
 
*** Notice at time        :        43.000000
    Generated by Unit     :     4
    Generated by Type     :     9
    Message               : The specified component model has exhausted the data supply and has rewound the data file to begin reading from the top of the data file.
 
*** Notice at time        :        44.000000
    Generated by Unit     :     2
    Generated by Type     :     9
    Message               : The specified component model has exhausted the data supply and has rewound the data file to begin reading from the top of the data file.
 
*** Notice at time        :        44.000000
    Generated by Unit     :     4
    Generated by Type     :     9
    Message               : The specified component model has exhausted the data supply and has rewound the data file to begin reading from the top of the data file.
 
*** Notice at time        :        45.000000
    Generated by Unit     :     2
    Generated by Type     :     9
    Message               : The specified component model has exhausted the data supply and has rewound the data file to begin reading from the top of the data file.
 
*** Notice at time        :        45.000000
    Generated by Unit     :     4
    Generated by Type     :     9
    Message               : The specified component model has exhausted the data supply and has rewound the data file to begin reading from the top of the data file.
 
*** Notice at time        :        46.000000
    Generated by Unit     :     2
    Generated by Type     :     9
    Message               : The specified component model has exhausted the data supply and has rewound the data file to begin reading from the top of the data file.
 
*** Notice at time        :        46.000000
    Generated by Unit     :     4
    Generated by Type     :     9
    Message               : The specified component model has exhausted the data supply and has rewound the data file to begin reading from the top of the data file.
 
*** Notice at time        :        47.000000
    Generated by Unit     :     2
    Generated by Type     :     9
    Message               : The specified component model has exhausted the data supply and has rewound the data file to begin reading from the top of the data file.
 
*** Notice at time        :        47.000000
    Generated by Unit     :     4
    Generated by Type     :     9
    Message               : The specified component model has exhausted the data supply and has rewound the data file to begin reading from the top of the data file.
